<?xml version="1.0" encoding="UTF-8"?>
<testsuite name="TC06_ListingData" tests="1" skipped="0" failures="0" errors="0" timestamp="2021-08-22T17:34:19" hostname="GABOR-PC" time="2.283">
  <properties/>
  <testcase name="Listing all sales items" classname="TC06_ListingData" time="2.283"/>
  <system-out><![CDATA[]]></system-out>
  <system-err><![CDATA[[Test worker] INFO io.github.bonigarcia.wdm.WebDriverManager - Using chromedriver 92.0.4515.107 (resolved driver for Chrome 92)
[Test worker] INFO io.github.bonigarcia.wdm.WebDriverManager - Exporting webdriver.chrome.driver as C:\Users\Gábor\.cache\selenium\chromedriver\win32\92.0.4515.107\chromedriver.exe
Starting ChromeDriver 92.0.4515.107 (87a818b10553a07434ea9e2b6dccf3cbe7895134-refs/branch-heads/4515@{#1634}) on port 27991
Only local connections are allowed.
Please see https://chromedriver.chromium.org/security-considerations for suggestions on keeping ChromeDriver safe.
ChromeDriver was started successfully.
aug. 22, 2021 7:34:19 DU org.openqa.selenium.remote.ProtocolHandshake createSession
INFO: Detected dialect: W3C
[Test worker] INFO pages.HomePage - Opening YourStore homepage...
[Test worker] INFO pages.HomePage - YourStore Page loaded successfully
[Test worker] INFO BaseTest - screenshot taken
[Test worker] INFO pages.HomePage - Move pointer to "Desktops" tab
[Test worker] INFO pages.HomePage - screenshot taken
[Test worker] INFO pages.HomePage - Click "Show All Desktops" from the dropdown list
[Test worker] INFO BaseTest - Screenshot taken
[Test worker] INFO BaseTest - Assertion done - 15 items on the page
]]></system-err>
</testsuite>
