<?xml version="1.0" encoding="UTF-8"?>
<testsuite name="TC12_SavingDataFromTheWebApplication" tests="1" skipped="0" failures="0" errors="0" timestamp="2021-08-04T11:28:15" hostname="GABOR-PC" time="3.135">
  <properties/>
  <testcase name="Save the name, description and price of all laptops from the list into a text file. File path: src/test/output.txt" classname="TC12_SavingDataFromTheWebApplication" time="3.135"/>
  <system-out><![CDATA[]]></system-out>
  <system-err><![CDATA[[Test worker] INFO io.github.bonigarcia.wdm.WebDriverManager - Using chromedriver 92.0.4515.107 (resolved driver for Chrome 92)
[Test worker] INFO io.github.bonigarcia.wdm.WebDriverManager - Exporting webdriver.chrome.driver as C:\Users\Gábor\.cache\selenium\chromedriver\win32\92.0.4515.107\chromedriver.exe
Starting ChromeDriver 92.0.4515.107 (87a818b10553a07434ea9e2b6dccf3cbe7895134-refs/branch-heads/4515@{#1634}) on port 29917
Only local connections are allowed.
Please see https://chromedriver.chromium.org/security-considerations for suggestions on keeping ChromeDriver safe.
ChromeDriver was started successfully.
aug. 04, 2021 1:28:15 DU org.openqa.selenium.remote.ProtocolHandshake createSession
INFO: Detected dialect: W3C
[Test worker] INFO pages.HomePage - Opening YourStore homepage...
[Test worker] INFO pages.HomePage - YourStore Page loaded successfully
[Test worker] INFO BaseTest - screenshot taken
[Test worker] INFO pages.HomePage - Move pointer to "Laptops & Notebooks" tab
[Test worker] INFO pages.HomePage - screenshot taken
[Test worker] INFO pages.HomePage - Click "Show All Laptops & Notebooks" from the dropdown list
[Test worker] INFO BaseTest - screenshot taken
[Test worker] INFO BaseTest - Write output.txt file
[Test worker] INFO BaseTest - File written to /test/output.txt
]]></system-err>
</testsuite>
