<?xml version="1.0" encoding="UTF-8"?>
<testsuite name="TC04_FailedLogin" tests="1" skipped="0" failures="0" errors="0" timestamp="2021-08-04T11:26:54" hostname="GABOR-PC" time="3.513">
  <properties/>
  <testcase name="Failed login - invalid password" classname="TC04_FailedLogin" time="3.513"/>
  <system-out><![CDATA[]]></system-out>
  <system-err><![CDATA[[Test worker] INFO io.github.bonigarcia.wdm.WebDriverManager - Using chromedriver 92.0.4515.107 (resolved driver for Chrome 92)
[Test worker] INFO io.github.bonigarcia.wdm.WebDriverManager - Exporting webdriver.chrome.driver as C:\Users\Gábor\.cache\selenium\chromedriver\win32\92.0.4515.107\chromedriver.exe
Starting ChromeDriver 92.0.4515.107 (87a818b10553a07434ea9e2b6dccf3cbe7895134-refs/branch-heads/4515@{#1634}) on port 15386
Only local connections are allowed.
Please see https://chromedriver.chromium.org/security-considerations for suggestions on keeping ChromeDriver safe.
ChromeDriver was started successfully.
aug. 04, 2021 1:26:54 DU org.openqa.selenium.remote.ProtocolHandshake createSession
INFO: Detected dialect: W3C
[Test worker] INFO pages.HomePage - Opening YourStore homepage...
[Test worker] INFO pages.HomePage - YourStore Page loaded successfully
[Test worker] INFO BaseTest - screenshot taken
[Test worker] INFO pages.HomePage - Opening login page
[Test worker] INFO pages.HomePage - Account Login page loaded successfully
[Test worker] INFO BaseTest - screenshot taken
[Test worker] INFO pages.HomePage - Email written in the email field: nagy@ilona.hu
[Test worker] INFO pages.HomePage - Password written in the password field: nag
[Test worker] INFO pages.HomePage - screenshot taken
[Test worker] INFO pages.HomePage - Click on login button
[Test worker] INFO BaseTest - screenshot taken
[Test worker] INFO BaseTest - Assert OK. Login failed.
]]></system-err>
</testsuite>
