<?xml version="1.0" encoding="UTF-8"?>
<testsuite name="TC11_DeletingData" tests="1" skipped="0" failures="0" errors="0" timestamp="2021-08-05T09:46:22" hostname="GABOR-PC" time="9.037">
  <properties/>
  <testcase name="Deleting addresses from the address book" classname="TC11_DeletingData" time="9.037"/>
  <system-out><![CDATA[]]></system-out>
  <system-err><![CDATA[[Test worker] INFO io.github.bonigarcia.wdm.WebDriverManager - Using chromedriver 92.0.4515.107 (resolved driver for Chrome 92)
[Test worker] INFO io.github.bonigarcia.wdm.WebDriverManager - Exporting webdriver.chrome.driver as C:\Users\Gábor\.cache\selenium\chromedriver\win32\92.0.4515.107\chromedriver.exe
Starting ChromeDriver 92.0.4515.107 (87a818b10553a07434ea9e2b6dccf3cbe7895134-refs/branch-heads/4515@{#1634}) on port 12589
Only local connections are allowed.
Please see https://chromedriver.chromium.org/security-considerations for suggestions on keeping ChromeDriver safe.
ChromeDriver was started successfully.
aug. 05, 2021 11:46:22 DE org.openqa.selenium.remote.ProtocolHandshake createSession
INFO: Detected dialect: W3C
[Test worker] INFO pages.HomePage - Opening YourStore homepage...
[Test worker] INFO pages.HomePage - YourStore Page loaded successfully
[Test worker] INFO BaseTest - screenshot taken
[Test worker] INFO pages.HomePage - Opening login page
[Test worker] INFO pages.HomePage - Account Login page loaded successfully
[Test worker] INFO BaseTest - screenshot taken
[Test worker] INFO pages.HomePage - Email written in the email field: nagy@ilona.hu
[Test worker] INFO pages.HomePage - Password written in the password field: nagyi
[Test worker] INFO pages.HomePage - screenshot taken
[Test worker] INFO pages.HomePage - Click on login button
[Test worker] INFO BaseTest - screenshot taken
[Test worker] INFO pages.HomePage - Click on address book link
[Test worker] INFO pages.HomePage - Wait until address book page opens
[Test worker] INFO BaseTest - List of address book entries created
[Test worker] INFO pages.HomePage - Click on delete button at top element from address list
[Test worker] INFO BaseTest - screenshot taken
[Test worker] INFO BaseTest - Assertion of number if initial number of addresses >1 is done.
[Test worker] INFO pages.HomePage - Click on delete button at top element from address list
[Test worker] INFO BaseTest - screenshot taken
[Test worker] INFO BaseTest - Assertion of number if initial number of addresses >1 is done.
[Test worker] INFO pages.HomePage - Click on delete button at top element from address list
[Test worker] INFO BaseTest - screenshot taken
[Test worker] INFO BaseTest - Assertion of number if initial number of addresses >1 is done.
[Test worker] INFO pages.HomePage - Click on delete button at top element from address list
[Test worker] INFO BaseTest - screenshot taken
[Test worker] INFO BaseTest - Assertion of number if initial number of addresses >1 is done.
[Test worker] INFO pages.HomePage - Click on delete button at top element from address list
[Test worker] INFO BaseTest - screenshot taken
[Test worker] INFO BaseTest - Assertion of number if initial number of addresses >1 is done.
[Test worker] INFO pages.HomePage - Click on delete button at top element from address list
[Test worker] INFO BaseTest - screenshot taken
[Test worker] INFO BaseTest - Assertion of text if initial number of addresses <= 1 is done.
]]></system-err>
</testsuite>
